<?xml version="1.0" encoding="UTF-8"?>
<!-- Generated by org.testng.reporters.JUnitXMLReporter -->
<testsuite ignored="6" hostname="DESKTOP-HLEND38" failures="1" tests="20" name="Command line test" time="202.837" errors="0" timestamp="2020-12-16T02:33:47 GMT">
  <testcase classname="seleniumZero.Tests.AccountSummaryTest" name="Acc" time="14.196"/>
  <testcase classname="seleniumZero.Tests.loginTest" name="login" time="5.528"/>
  <testcase classname="seleniumZero.Tests.loginTest" name="login1" time="3.537"/>
  <testcase classname="seleniumZero.Tests.loginTest" name="login1" time="1.796"/>
  <testcase classname="seleniumZero.Tests.loginTest" name="login1" time="1.688"/>
  <testcase classname="seleniumZero.Tests.loginTest" name="login1" time="1.691"/>
  <testcase classname="seleniumZero.Tests.loginTest" name="login1" time="1.733"/>
  <testcase classname="seleniumZero.Tests.loginTest" name="login1" time="1.709"/>
  <testcase classname="seleniumZero.Tests.loginTest" name="login1" time="1.788"/>
  <testcase classname="seleniumZero.Tests.loginTest" name="login1" time="2.003"/>
  <testcase classname="seleniumZero.Tests.loginTest" name="login2" time="5.376"/>
  <testcase classname="seleniumZero.Tests.loginTest" name="login2" time="3.804"/>
  <testcase classname="seleniumZero.Tests.loginTest" name="login2" time="4.298"/>
  <testcase classname="seleniumZero.Tests.loginTest" name="login2" time="3.737"/>
  <testcase classname="seleniumZero.Tests.loginTest" name="login2" time="3.706"/>
  <testcase classname="seleniumZero.Tests.loginTest" name="login2" time="3.761"/>
  <testcase classname="seleniumZero.Tests.loginTest" name="login2" time="3.708"/>
  <testcase classname="seleniumZero.Tests.loginTest" name="login2" time="3.68"/>
  <testcase classname="seleniumZero.Tests.loginTest" name="login2" time="3.849"/>
  <testcase classname="seleniumZero.Tests.MainTest" name="main" time="7.995">
    <failure type="java.lang.AssertionError" message="expected [true] but found [false]">
      <![CDATA[java.lang.AssertionError: expected [true] but found [false]
at seleniumZero.Tests.MainTest.main(MainTest.java:49)
at java.base/java.util.ArrayList.forEach(ArrayList.java:1507)
... Removed 41 stack frames]]>
    </failure>
  </testcase> <!-- main -->
  <testcase classname="seleniumZero.Testbase" name="@BeforeTest before" time="0.0">
    <ignored/>
  </testcase> <!-- @BeforeTest before -->
  <testcase classname="seleniumZero.Testbase" name="@BeforeTest before" time="0.0">
    <ignored/>
  </testcase> <!-- @BeforeTest before -->
  <testcase classname="seleniumZero.Testbase" name="@BeforeTest before" time="0.0">
    <ignored/>
  </testcase> <!-- @BeforeTest before -->
  <testcase classname="seleniumZero.Testbase" name="@AfterTest afterMethod" time="0.0">
    <ignored/>
  </testcase> <!-- @AfterTest afterMethod -->
  <testcase classname="seleniumZero.Testbase" name="@AfterTest afterMethod" time="0.0">
    <ignored/>
  </testcase> <!-- @AfterTest afterMethod -->
  <testcase classname="seleniumZero.Testbase" name="@AfterTest afterMethod" time="0.0">
    <ignored/>
  </testcase> <!-- @AfterTest afterMethod -->
</testsuite> <!-- Command line test -->
