<?xml version="1.0" encoding="UTF-8" ?>
<testsuite tests="20" failures="1" name="TestSuite" time="79.598" errors="0" skipped="0">
  <properties>
[...]
</properties>
  <testcase classname="seleniumZero.Tests.AccountSummaryTest" name="Acc" time="14.207"/>
  <testcase classname="seleniumZero.Tests.loginTest" name="login" time="5.529"/>
  <testcase classname="seleniumZero.Tests.loginTest" name="login1" time="3.537"/>
  <testcase classname="seleniumZero.Tests.loginTest" name="login1" time="1.795"/>
  <testcase classname="seleniumZero.Tests.loginTest" name="login1" time="1.688"/>
  <testcase classname="seleniumZero.Tests.loginTest" name="login1" time="1.69"/>
  <testcase classname="seleniumZero.Tests.loginTest" name="login1" time="1.733"/>
  <testcase classname="seleniumZero.Tests.loginTest" name="login1" time="1.71"/>
  <testcase classname="seleniumZero.Tests.loginTest" name="login1" time="1.788"/>
  <testcase classname="seleniumZero.Tests.loginTest" name="login1" time="2.004"/>
  <testcase classname="seleniumZero.Tests.loginTest" name="login2" time="5.377"/>
  <testcase classname="seleniumZero.Tests.loginTest" name="login2" time="3.803"/>
  <testcase classname="seleniumZero.Tests.loginTest" name="login2" time="4.299"/>
  <testcase classname="seleniumZero.Tests.loginTest" name="login2" time="3.738"/>
  <testcase classname="seleniumZero.Tests.loginTest" name="login2" time="3.706"/>
  <testcase classname="seleniumZero.Tests.loginTest" name="login2" time="3.76"/>
  <testcase classname="seleniumZero.Tests.loginTest" name="login2" time="3.708"/>
  <testcase classname="seleniumZero.Tests.loginTest" name="login2" time="3.68"/>
  <testcase classname="seleniumZero.Tests.loginTest" name="login2" time="3.848"/>
  <testcase classname="seleniumZero.Tests.MainTest" name="main" time="7.998">
    <failure message="expected [true] but found [false]" type="java.lang.AssertionError">java.lang.AssertionError: expected [true] but found [false]
	at org.testng.Assert.fail(Assert.java:97)
	at org.testng.Assert.failNotEquals(Assert.java:969)
	at org.testng.Assert.assertTrue(Assert.java:43)
	at org.testng.Assert.assertTrue(Assert.java:53)
	at seleniumZero.Tests.MainTest.main(MainTest.java:49)
</failure>
    <system-out>Transfer is Displayed = true
Online Banking menu = true
onlineBankMoreServices = true
money_map_link = true
accountActivityLink = true
SearchBox = true
</system-out>
    <system-err>Starting ChromeDriver 87.0.4280.88 (89e2380a3e36c3464b5dd1302349b1382549290d-refs/branch-heads/4280@{#1761}) on port 45319
Only local connections are allowed.
Please see https://chromedriver.chromium.org/security-considerations for suggestions on keeping ChromeDriver safe.
ChromeDriver was started successfully.
Dec 16, 2020 2:33:34 AM org.openqa.selenium.remote.ProtocolHandshake createSession
INFO: Detected dialect: W3C
</system-err>
  </testcase>
</testsuite>